<?xml version="1.0" encoding="UTF-8"?>
<testsuite xmlns:xsi="http://www.w3.org/2001/XMLSchema-instance" xsi:noNamespaceSchemaLocation="https://maven.apache.org/surefire/maven-surefire-plugin/xsd/surefire-test-report.xsd" version="3.0.2" name="gale.shapley.service.GaleShapleyServiceTest" time="0.823" tests="1" errors="0" skipped="0" failures="0">
  <properties>
[...]
</properties>
  <testcase name="testMatch" classname="gale.shapley.service.GaleShapleyServiceTest" time="0.82">
    <system-out><![CDATA[2025-08-11T05:00:50.727Z  INFO 3829 --- [ntainer#0-0-C-1] org.apache.kafka.clients.NetworkClient   : [Consumer clientId=consumer-matching-group-1, groupId=matching-group] Node -1 disconnected.
2025-08-11T05:00:50.728Z  WARN 3829 --- [ntainer#0-0-C-1] org.apache.kafka.clients.NetworkClient   : [Consumer clientId=consumer-matching-group-1, groupId=matching-group] Connection to node -1 (localhost/127.0.0.1:9092) could not be established. Node may not be available.
2025-08-11T05:00:50.728Z  WARN 3829 --- [ntainer#0-0-C-1] org.apache.kafka.clients.NetworkClient   : [Consumer clientId=consumer-matching-group-1, groupId=matching-group] Bootstrap broker localhost:9092 (id: -1 rack: null) disconnected
2025-08-11T05:00:51.166Z  INFO 3829 --- [ntainer#0-0-C-1] org.apache.kafka.clients.NetworkClient   : [Consumer clientId=consumer-matching-group-1, groupId=matching-group] Node -1 disconnected.
2025-08-11T05:00:51.172Z  WARN 3829 --- [ntainer#0-0-C-1] org.apache.kafka.clients.NetworkClient   : [Consumer clientId=consumer-matching-group-1, groupId=matching-group] Connection to node -1 (localhost/127.0.0.1:9092) could not be established. Node may not be available.
2025-08-11T05:00:51.173Z  WARN 3829 --- [ntainer#0-0-C-1] org.apache.kafka.clients.NetworkClient   : [Consumer clientId=consumer-matching-group-1, groupId=matching-group] Bootstrap broker localhost:9092 (id: -1 rack: null) disconnected
--- STUDENT-PROJECT SCORES ---
Student: Student 1
  -> Project 1           : 9.00


=================================
  STARTING GALE-SHAPLEY MATCHING
=================================

--- Iteration 1: Processing student Student 1 ---
  Student 1 proposes to Project 1 (Score: 9.00)
    ✅ Project 1 is free. Assigning Student 1.


=======================
  FINAL MATCHING RESULT
=======================

Student 1            -> Project 1

--- Unmatched Students ---
All students were matched successfully.

=======================

]]></system-out>
  </testcase>
</testsuite>